<?xml version="1.0" encoding="UTF-8"?>
<!-- Generated by org.testng.reporters.JUnitXMLReporter -->
<testsuite ignored="6" hostname="Ammu" failures="0" tests="3" name="my tests" time="0.073" errors="0" timestamp="2023-10-01T13:53:36 CDT">
  <testcase classname="day36.Grouping" name="signUpByFacebook" time="0.008"/>
  <testcase classname="day36.Grouping" name="signUpTwitter" time="0.001"/>
  <testcase classname="day36.Grouping" name="paymentReturnByBank" time="0.001"/>
  <testcase classname="day36.Grouping" name="paymentInDollar" time="0.0">
    <ignored/>
  </testcase> <!-- paymentInDollar -->
  <testcase classname="day36.Grouping" name="paymentInRupees" time="0.0">
    <ignored/>
  </testcase> <!-- paymentInRupees -->
  <testcase classname="day36.Grouping" name="loginByTwitter" time="0.0">
    <ignored/>
  </testcase> <!-- loginByTwitter -->
  <testcase classname="day36.Grouping" name="loginByEmail" time="0.0">
    <ignored/>
  </testcase> <!-- loginByEmail -->
  <testcase classname="day36.Grouping" name="loginByFacebook" time="0.0">
    <ignored/>
  </testcase> <!-- loginByFacebook -->
  <testcase classname="day36.Grouping" name="signUpByEmail" time="0.0">
    <ignored/>
  </testcase> <!-- signUpByEmail -->
</testsuite> <!-- my tests -->
